<?xml version="1.0" encoding="UTF-8"?>
<testng-results skipped="0" failed="0" ignored="0" total="1" passed="1">
  <reporter-output>
  </reporter-output>
  <suite name="Default suite" duration-ms="2778" started-at="2022-12-10T10:37:04 IST" finished-at="2022-12-10T10:37:07 IST">
    <groups>
    </groups>
    <test name="Default test" duration-ms="2778" started-at="2022-12-10T10:37:04 IST" finished-at="2022-12-10T10:37:07 IST">
      <class name="testcases.Testcaseuserdetails">
        <test-method status="PASS" signature="getuserdetails()[pri:0, instance:testcases.Testcaseuserdetails@86be70a]" name="getuserdetails" duration-ms="2747" started-at="2022-12-10T10:37:04 IST" finished-at="2022-12-10T10:37:07 IST">
          <reporter-output>
          </reporter-output>
        </test-method> <!-- getuserdetails -->
      </class> <!-- testcases.Testcaseuserdetails -->
    </test> <!-- Default test -->
  </suite> <!-- Default suite -->
</testng-results>
